<type 'float'>
[[1.0], [3.5], [4.0], [4.0], [2.0], [6.0], [8.0], [6.0]]
[1, 1, 1, 0, 0, 0, 0, 0]
<type 'float'>
[[1.0], [3.5], [4.0], [4.0], [2.0], [6.0], [8.0], [6.0]]
[1, 1, 1, 0, 0, 0, 0, 0]
<type 'float'>
[[1.0], [3.5], [4.0], [4.0], [2.0], [6.0], [8.0], [6.0]]
[1, 1, 1, 0, 0, 0, 0, 0]
<type 'float'>
[[1.0], [3.5], [4.0], [4.0], [2.0], [6.0], [8.0], [6.0]]
[1, 1, 1, 0, 0, 0, 0, 0]
<type 'float'>
[[1.0], [3.5], [4.0], [4.0], [2.0], [6.0], [8.0], [6.0]]
[1, 1, 1, 0, 0, 0, 0, 0]
----------------------------------------
Exception happened during processing of request from ('61.216.2.14', 48590)
----------------------------------------
<type 'float'>
[[1.0], [3.5], [4.0], [4.0], [2.0], [6.0], [8.0], [6.0]]
[1, 1, 1, 0, 0, 0, 0, 0]
